{"contracts/Counter.sol":{"l":{"12":0,"16":0,"17":0,"18":0,"20":0,"22":0,"23":0,"27":0,"28":0,"29":0,"31":0,"33":0,"34":0},"path":"/Users/alexmelnichuk/blockchain/phuture-chaincode/contracts/Counter.sol","s":{"1":0,"2":0,"3":0,"4":0,"5":0,"6":0,"7":0,"8":0,"9":0,"10":0,"11":0,"12":0,"13":0},"b":{"1":[0,0],"2":[0,0]},"f":{"1":0,"2":0,"3":0},"fnMap":{"1":{"name":"getCount","line":11,"loc":{"start":{"line":11,"column":4},"end":{"line":13,"column":4}}},"2":{"name":"countUp","line":15,"loc":{"start":{"line":15,"column":4},"end":{"line":24,"column":4}}},"3":{"name":"countDown","line":26,"loc":{"start":{"line":26,"column":4},"end":{"line":35,"column":4}}}},"statementMap":{"1":{"start":{"line":12,"column":8},"end":{"line":12,"column":20}},"2":{"start":{"line":16,"column":8},"end":{"line":16,"column":45}},"3":{"start":{"line":17,"column":8},"end":{"line":17,"column":36}},"4":{"start":{"line":18,"column":8},"end":{"line":18,"column":52}},"5":{"start":{"line":20,"column":8},"end":{"line":20,"column":23}},"6":{"start":{"line":22,"column":8},"end":{"line":22,"column":29}},"7":{"start":{"line":23,"column":8},"end":{"line":23,"column":20}},"8":{"start":{"line":27,"column":8},"end":{"line":27,"column":47}},"9":{"start":{"line":28,"column":8},"end":{"line":28,"column":36}},"10":{"start":{"line":29,"column":8},"end":{"line":29,"column":53}},"11":{"start":{"line":31,"column":8},"end":{"line":31,"column":23}},"12":{"start":{"line":33,"column":8},"end":{"line":33,"column":29}},"13":{"start":{"line":34,"column":8},"end":{"line":34,"column":20}}},"branchMap":{"1":{"line":18,"type":"if","locations":[{"start":{"line":18,"column":8},"end":{"line":18,"column":8}},{"start":{"line":18,"column":8},"end":{"line":18,"column":8}}]},"2":{"line":29,"type":"if","locations":[{"start":{"line":29,"column":8},"end":{"line":29,"column":8}},{"start":{"line":29,"column":8},"end":{"line":29,"column":8}}]}}},"contracts/interfaces/IERC20.sol":{"l":{},"path":"/Users/alexmelnichuk/blockchain/phuture-chaincode/contracts/interfaces/IERC20.sol","s":{},"b":{},"f":{},"fnMap":{},"statementMap":{},"branchMap":{}},"contracts/interfaces/IUniswapV2Callee.sol":{"l":{},"path":"/Users/alexmelnichuk/blockchain/phuture-chaincode/contracts/interfaces/IUniswapV2Callee.sol","s":{},"b":{},"f":{},"fnMap":{},"statementMap":{},"branchMap":{}},"contracts/interfaces/IUniswapV2ERC20.sol":{"l":{},"path":"/Users/alexmelnichuk/blockchain/phuture-chaincode/contracts/interfaces/IUniswapV2ERC20.sol","s":{},"b":{},"f":{},"fnMap":{},"statementMap":{},"branchMap":{}},"contracts/interfaces/IUniswapV2Factory.sol":{"l":{},"path":"/Users/alexmelnichuk/blockchain/phuture-chaincode/contracts/interfaces/IUniswapV2Factory.sol","s":{},"b":{},"f":{},"fnMap":{},"statementMap":{},"branchMap":{}},"contracts/interfaces/IUniswapV2Pair.sol":{"l":{},"path":"/Users/alexmelnichuk/blockchain/phuture-chaincode/contracts/interfaces/IUniswapV2Pair.sol","s":{},"b":{},"f":{},"fnMap":{},"statementMap":{},"branchMap":{}},"contracts/libraries/Math.sol":{"l":{"7":0,"12":0,"13":0,"14":0,"15":0,"16":0,"17":0,"20":0},"path":"/Users/alexmelnichuk/blockchain/phuture-chaincode/contracts/libraries/Math.sol","s":{"1":0,"2":0,"3":0,"4":0,"5":0,"6":0,"7":0,"8":0,"9":0},"b":{"1":[0,0],"2":[0,0]},"f":{"1":0,"2":0},"fnMap":{"1":{"name":"min","line":6,"loc":{"start":{"line":6,"column":4},"end":{"line":8,"column":4}}},"2":{"name":"sqrt","line":11,"loc":{"start":{"line":11,"column":4},"end":{"line":22,"column":4}}}},"statementMap":{"1":{"start":{"line":7,"column":8},"end":{"line":7,"column":24}},"2":{"start":{"line":12,"column":8},"end":{"line":12,"column":379}},"3":{"start":{"line":13,"column":12},"end":{"line":13,"column":16}},"4":{"start":{"line":14,"column":12},"end":{"line":14,"column":30}},"5":{"start":{"line":15,"column":12},"end":{"line":15,"column":459}},"6":{"start":{"line":16,"column":16},"end":{"line":16,"column":20}},"7":{"start":{"line":17,"column":16},"end":{"line":17,"column":34}},"8":{"start":{"line":19,"column":15},"end":{"line":19,"column":560}},"9":{"start":{"line":20,"column":12},"end":{"line":20,"column":16}}},"branchMap":{"1":{"line":12,"type":"if","locations":[{"start":{"line":12,"column":8},"end":{"line":12,"column":8}},{"start":{"line":12,"column":8},"end":{"line":12,"column":8}}]},"2":{"line":19,"type":"if","locations":[{"start":{"line":19,"column":15},"end":{"line":19,"column":15}},{"start":{"line":19,"column":15},"end":{"line":19,"column":15}}]}}},"contracts/libraries/SafeMath.sol":{"l":{"7":0,"11":0,"15":0},"path":"/Users/alexmelnichuk/blockchain/phuture-chaincode/contracts/libraries/SafeMath.sol","s":{"1":0,"2":0,"3":0},"b":{"1":[0,0],"2":[0,0],"3":[0,0]},"f":{"1":0,"2":0,"3":0},"fnMap":{"1":{"name":"add","line":6,"loc":{"start":{"line":6,"column":4},"end":{"line":8,"column":4}}},"2":{"name":"sub","line":10,"loc":{"start":{"line":10,"column":4},"end":{"line":12,"column":4}}},"3":{"name":"mul","line":14,"loc":{"start":{"line":14,"column":4},"end":{"line":16,"column":4}}}},"statementMap":{"1":{"start":{"line":7,"column":8},"end":{"line":7,"column":56}},"2":{"start":{"line":11,"column":8},"end":{"line":11,"column":57}},"3":{"start":{"line":15,"column":8},"end":{"line":15,"column":70}}},"branchMap":{"1":{"line":7,"type":"if","locations":[{"start":{"line":7,"column":8},"end":{"line":7,"column":8}},{"start":{"line":7,"column":8},"end":{"line":7,"column":8}}]},"2":{"line":11,"type":"if","locations":[{"start":{"line":11,"column":8},"end":{"line":11,"column":8}},{"start":{"line":11,"column":8},"end":{"line":11,"column":8}}]},"3":{"line":15,"type":"if","locations":[{"start":{"line":15,"column":8},"end":{"line":15,"column":8}},{"start":{"line":15,"column":8},"end":{"line":15,"column":8}}]}}},"contracts/libraries/UQ112x112.sol":{"l":{"13":0,"18":0},"path":"/Users/alexmelnichuk/blockchain/phuture-chaincode/contracts/libraries/UQ112x112.sol","s":{"1":0,"2":0},"b":{},"f":{"1":0,"2":0},"fnMap":{"1":{"name":"encode","line":12,"loc":{"start":{"line":12,"column":4},"end":{"line":14,"column":4}}},"2":{"name":"uqdiv","line":17,"loc":{"start":{"line":17,"column":4},"end":{"line":19,"column":4}}}},"statementMap":{"1":{"start":{"line":13,"column":8},"end":{"line":13,"column":28}},"2":{"start":{"line":18,"column":8},"end":{"line":18,"column":25}}},"branchMap":{}},"contracts/test/ERC20.sol":{"l":{"7":0},"path":"/Users/alexmelnichuk/blockchain/phuture-chaincode/contracts/test/ERC20.sol","s":{"1":0},"b":{},"f":{"1":0},"fnMap":{"1":{"name":"constructor","line":6,"loc":{"start":{"line":6,"column":4},"end":{"line":8,"column":4}}}},"statementMap":{"1":{"start":{"line":7,"column":8},"end":{"line":7,"column":38}}},"branchMap":{}},"contracts/UniswapV2ERC20.sol":{"l":{"25":0,"26":0,"29":0,"41":0,"42":0,"43":0,"47":0,"48":0,"49":0,"53":0,"54":0,"58":0,"59":0,"60":0,"64":0,"65":0,"69":0,"70":0,"74":0,"75":0,"77":0,"78":0,"82":0,"83":0,"90":0,"91":0,"92":0},"path":"/Users/alexmelnichuk/blockchain/phuture-chaincode/contracts/UniswapV2ERC20.sol","s":{"1":0,"2":0,"3":0,"4":0,"5":0,"6":0,"7":0,"8":0,"9":0,"10":0,"11":0,"12":0,"13":0,"14":0,"15":0,"16":0,"17":0,"18":0,"19":0,"20":0,"21":0,"22":0,"23":0,"24":0,"25":0,"26":0},"b":{"1":[0,0],"2":[0,0],"3":[0,0]},"f":{"1":0,"2":0,"3":0,"4":0,"5":0,"6":0,"7":0,"8":0,"9":0},"fnMap":{"1":{"name":"constructor","line":24,"loc":{"start":{"line":24,"column":4},"end":{"line":38,"column":4}}},"2":{"name":"_mint","line":40,"loc":{"start":{"line":40,"column":4},"end":{"line":44,"column":4}}},"3":{"name":"_burn","line":46,"loc":{"start":{"line":46,"column":4},"end":{"line":50,"column":4}}},"4":{"name":"_approve","line":52,"loc":{"start":{"line":52,"column":4},"end":{"line":55,"column":4}}},"5":{"name":"_transfer","line":57,"loc":{"start":{"line":57,"column":4},"end":{"line":61,"column":4}}},"6":{"name":"approve","line":63,"loc":{"start":{"line":63,"column":4},"end":{"line":66,"column":4}}},"7":{"name":"transfer","line":68,"loc":{"start":{"line":68,"column":4},"end":{"line":71,"column":4}}},"8":{"name":"transferFrom","line":73,"loc":{"start":{"line":73,"column":4},"end":{"line":79,"column":4}}},"9":{"name":"permit","line":81,"loc":{"start":{"line":81,"column":4},"end":{"line":93,"column":4}}}},"statementMap":{"1":{"start":{"line":25,"column":8},"end":{"line":25,"column":20}},"2":{"start":{"line":29,"column":8},"end":{"line":29,"column":1041}},"3":{"start":{"line":41,"column":8},"end":{"line":41,"column":43}},"4":{"start":{"line":42,"column":8},"end":{"line":42,"column":47}},"5":{"start":{"line":43,"column":8},"end":{"line":43,"column":44}},"6":{"start":{"line":47,"column":8},"end":{"line":47,"column":51}},"7":{"start":{"line":48,"column":8},"end":{"line":48,"column":43}},"8":{"start":{"line":49,"column":8},"end":{"line":49,"column":46}},"9":{"start":{"line":53,"column":8},"end":{"line":53,"column":40}},"10":{"start":{"line":54,"column":8},"end":{"line":54,"column":44}},"11":{"start":{"line":58,"column":8},"end":{"line":58,"column":51}},"12":{"start":{"line":59,"column":8},"end":{"line":59,"column":47}},"13":{"start":{"line":60,"column":8},"end":{"line":60,"column":38}},"14":{"start":{"line":64,"column":8},"end":{"line":64,"column":43}},"15":{"start":{"line":65,"column":8},"end":{"line":65,"column":19}},"16":{"start":{"line":69,"column":8},"end":{"line":69,"column":39}},"17":{"start":{"line":70,"column":8},"end":{"line":70,"column":19}},"18":{"start":{"line":74,"column":8},"end":{"line":74,"column":2572}},"19":{"start":{"line":75,"column":12},"end":{"line":75,"column":79}},"20":{"start":{"line":77,"column":8},"end":{"line":77,"column":33}},"21":{"start":{"line":78,"column":8},"end":{"line":78,"column":19}},"22":{"start":{"line":82,"column":8},"end":{"line":82,"column":65}},"23":{"start":{"line":83,"column":8},"end":{"line":83,"column":2973}},"24":{"start":{"line":90,"column":8},"end":{"line":90,"column":61}},"25":{"start":{"line":91,"column":8},"end":{"line":91,"column":107}},"26":{"start":{"line":92,"column":8},"end":{"line":92,"column":38}}},"branchMap":{"1":{"line":74,"type":"if","locations":[{"start":{"line":74,"column":8},"end":{"line":74,"column":8}},{"start":{"line":74,"column":8},"end":{"line":74,"column":8}}]},"2":{"line":82,"type":"if","locations":[{"start":{"line":82,"column":8},"end":{"line":82,"column":8}},{"start":{"line":82,"column":8},"end":{"line":82,"column":8}}]},"3":{"line":91,"type":"if","locations":[{"start":{"line":91,"column":8},"end":{"line":91,"column":8}},{"start":{"line":91,"column":8},"end":{"line":91,"column":8}}]}}},"contracts/UniswapV2Factory.sol":{"l":{"16":0,"20":0,"24":0,"25":0,"26":0,"27":0,"28":0,"29":0,"30":0,"33":0,"34":0,"35":0,"36":0,"37":0,"41":0,"42":0,"46":0,"47":0},"path":"/Users/alexmelnichuk/blockchain/phuture-chaincode/contracts/UniswapV2Factory.sol","s":{"1":0,"2":0,"3":0,"4":0,"5":0,"6":0,"7":0,"8":0,"9":0,"10":0,"11":0,"12":0,"13":0,"14":0,"15":0,"16":0,"17":0},"b":{"1":[0,0],"2":[0,0],"3":[0,0],"4":[0,0],"5":[0,0]},"f":{"1":0,"2":0,"3":0,"4":0,"5":0},"fnMap":{"1":{"name":"constructor","line":15,"loc":{"start":{"line":15,"column":4},"end":{"line":17,"column":4}}},"2":{"name":"allPairsLength","line":19,"loc":{"start":{"line":19,"column":4},"end":{"line":21,"column":4}}},"3":{"name":"createPair","line":23,"loc":{"start":{"line":23,"column":4},"end":{"line":38,"column":4}}},"4":{"name":"setFeeTo","line":40,"loc":{"start":{"line":40,"column":4},"end":{"line":43,"column":4}}},"5":{"name":"setFeeToSetter","line":45,"loc":{"start":{"line":45,"column":4},"end":{"line":48,"column":4}}}},"statementMap":{"1":{"start":{"line":16,"column":8},"end":{"line":16,"column":33}},"2":{"start":{"line":20,"column":8},"end":{"line":20,"column":30}},"3":{"start":{"line":24,"column":8},"end":{"line":24,"column":66}},"4":{"start":{"line":25,"column":8},"end":{"line":25,"column":96}},"5":{"start":{"line":26,"column":8},"end":{"line":26,"column":63}},"6":{"start":{"line":27,"column":8},"end":{"line":27,"column":79}},"7":{"start":{"line":28,"column":8},"end":{"line":28,"column":64}},"8":{"start":{"line":29,"column":8},"end":{"line":29,"column":66}},"9":{"start":{"line":33,"column":8},"end":{"line":33,"column":54}},"10":{"start":{"line":34,"column":8},"end":{"line":34,"column":37}},"11":{"start":{"line":35,"column":8},"end":{"line":35,"column":37}},"12":{"start":{"line":36,"column":8},"end":{"line":36,"column":26}},"13":{"start":{"line":37,"column":8},"end":{"line":37,"column":63}},"14":{"start":{"line":41,"column":8},"end":{"line":41,"column":65}},"15":{"start":{"line":42,"column":8},"end":{"line":42,"column":21}},"16":{"start":{"line":46,"column":8},"end":{"line":46,"column":65}},"17":{"start":{"line":47,"column":8},"end":{"line":47,"column":33}}},"branchMap":{"1":{"line":24,"type":"if","locations":[{"start":{"line":24,"column":8},"end":{"line":24,"column":8}},{"start":{"line":24,"column":8},"end":{"line":24,"column":8}}]},"2":{"line":26,"type":"if","locations":[{"start":{"line":26,"column":8},"end":{"line":26,"column":8}},{"start":{"line":26,"column":8},"end":{"line":26,"column":8}}]},"3":{"line":27,"type":"if","locations":[{"start":{"line":27,"column":8},"end":{"line":27,"column":8}},{"start":{"line":27,"column":8},"end":{"line":27,"column":8}}]},"4":{"line":41,"type":"if","locations":[{"start":{"line":41,"column":8},"end":{"line":41,"column":8}},{"start":{"line":41,"column":8},"end":{"line":41,"column":8}}]},"5":{"line":46,"type":"if","locations":[{"start":{"line":46,"column":8},"end":{"line":46,"column":8}},{"start":{"line":46,"column":8},"end":{"line":46,"column":8}}]}}},"contracts/UniswapV2Pair.sol":{"l":{"32":0,"33":0,"34":0,"35":0,"39":0,"40":0,"41":0,"45":0,"46":0,"62":0,"67":0,"68":0,"69":0,"74":0,"75":0,"76":0,"77":0,"79":0,"80":0,"82":0,"83":0,"84":0,"85":0,"90":0,"91":0,"92":0,"93":0,"94":0,"95":0,"96":0,"97":0,"98":0,"99":0,"100":0,"101":0,"105":0,"111":0,"112":0,"113":0,"114":0,"115":0,"117":0,"118":0,"119":0,"120":0,"121":0,"123":0,"125":0,"126":0,"128":0,"129":0,"130":0,"135":0,"136":0,"137":0,"138":0,"139":0,"140":0,"142":0,"143":0,"144":0,"145":0,"146":0,"147":0,"148":0,"149":0,"150":0,"151":0,"153":0,"154":0,"155":0,"160":0,"161":0,"162":0,"164":0,"165":0,"166":0,"167":0,"168":0,"169":0,"170":0,"171":0,"172":0,"173":0,"174":0,"176":0,"177":0,"178":0,"179":0,"180":0,"181":0,"182":0,"185":0,"186":0,"191":0,"192":0,"193":0,"194":0,"199":0},"path":"/Users/alexmelnichuk/blockchain/phuture-chaincode/contracts/UniswapV2Pair.sol","s":{"1":0,"2":0,"3":0,"4":0,"5":0,"6":0,"7":0,"8":0,"9":0,"10":0,"11":0,"12":0,"13":0,"14":0,"15":0,"16":0,"17":0,"18":0,"19":0,"20":0,"21":0,"22":0,"23":0,"24":0,"25":0,"26":0,"27":0,"28":0,"29":0,"30":0,"31":0,"32":0,"33":0,"34":0,"35":0,"36":0,"37":0,"38":0,"39":0,"40":0,"41":0,"42":0,"43":0,"44":0,"45":0,"46":0,"47":0,"48":0,"49":0,"50":0,"51":0,"52":0,"53":0,"54":0,"55":0,"56":0,"57":0,"58":0,"59":0,"60":0,"61":0,"62":0,"63":0,"64":0,"65":0,"66":0,"67":0,"68":0,"69":0,"70":0,"71":0,"72":0,"73":0,"74":0,"75":0,"76":0,"77":0,"78":0,"79":0,"80":0,"81":0,"82":0,"83":0,"84":0,"85":0,"86":0,"87":0,"88":0,"89":0,"90":0,"91":0,"92":0,"93":0,"94":0,"95":0,"96":0,"97":0,"98":0,"99":0,"100":0,"101":0,"102":0,"103":0},"b":{"1":[0,0],"2":[0,0],"3":[0,0],"4":[0,0],"5":[0,0],"6":[0,0],"7":[0,0],"8":[0,0],"9":[0,0],"10":[0,0],"11":[0,0],"12":[0,0],"13":[0,0],"14":[0,0],"15":[0,0],"16":[0,0],"17":[0,0],"18":[0,0],"19":[0,0],"20":[0,0],"21":[0,0],"22":[0,0],"23":[0,0]},"f":{"1":0,"2":0,"3":0,"4":0,"5":0,"6":0,"7":0,"8":0,"9":0,"10":0,"11":0,"12":0},"fnMap":{"1":{"name":"lock","line":31,"loc":{"start":{"line":31,"column":4},"end":{"line":36,"column":4}}},"2":{"name":"getReserves","line":38,"loc":{"start":{"line":38,"column":4},"end":{"line":42,"column":4}}},"3":{"name":"_safeTransfer","line":44,"loc":{"start":{"line":44,"column":4},"end":{"line":47,"column":4}}},"4":{"name":"constructor","line":61,"loc":{"start":{"line":61,"column":4},"end":{"line":63,"column":4}}},"5":{"name":"initialize","line":66,"loc":{"start":{"line":66,"column":4},"end":{"line":70,"column":4}}},"6":{"name":"_update","line":73,"loc":{"start":{"line":73,"column":4},"end":{"line":86,"column":4}}},"7":{"name":"_mintFee","line":89,"loc":{"start":{"line":89,"column":4},"end":{"line":107,"column":4}}},"8":{"name":"mint","line":110,"loc":{"start":{"line":110,"column":4},"end":{"line":131,"column":4}}},"9":{"name":"burn","line":134,"loc":{"start":{"line":134,"column":4},"end":{"line":156,"column":4}}},"10":{"name":"swap","line":159,"loc":{"start":{"line":159,"column":4},"end":{"line":187,"column":4}}},"11":{"name":"skim","line":190,"loc":{"start":{"line":190,"column":4},"end":{"line":195,"column":4}}},"12":{"name":"sync","line":198,"loc":{"start":{"line":198,"column":4},"end":{"line":200,"column":4}}}},"statementMap":{"1":{"start":{"line":32,"column":8},"end":{"line":32,"column":50}},"2":{"start":{"line":33,"column":8},"end":{"line":33,"column":19}},"3":{"start":{"line":35,"column":8},"end":{"line":35,"column":19}},"4":{"start":{"line":39,"column":8},"end":{"line":39,"column":27}},"5":{"start":{"line":40,"column":8},"end":{"line":40,"column":27}},"6":{"start":{"line":41,"column":8},"end":{"line":41,"column":47}},"7":{"start":{"line":45,"column":8},"end":{"line":45,"column":99}},"8":{"start":{"line":46,"column":8},"end":{"line":46,"column":103}},"9":{"start":{"line":62,"column":8},"end":{"line":62,"column":27}},"10":{"start":{"line":67,"column":8},"end":{"line":67,"column":61}},"11":{"start":{"line":68,"column":8},"end":{"line":68,"column":23}},"12":{"start":{"line":69,"column":8},"end":{"line":69,"column":23}},"13":{"start":{"line":74,"column":8},"end":{"line":74,"column":89}},"14":{"start":{"line":75,"column":8},"end":{"line":75,"column":63}},"15":{"start":{"line":76,"column":8},"end":{"line":76,"column":64}},"16":{"start":{"line":77,"column":8},"end":{"line":77,"column":2962}},"17":{"start":{"line":79,"column":12},"end":{"line":79,"column":99}},"18":{"start":{"line":80,"column":12},"end":{"line":80,"column":99}},"19":{"start":{"line":82,"column":8},"end":{"line":82,"column":35}},"20":{"start":{"line":83,"column":8},"end":{"line":83,"column":35}},"21":{"start":{"line":84,"column":8},"end":{"line":84,"column":42}},"22":{"start":{"line":85,"column":8},"end":{"line":85,"column":37}},"23":{"start":{"line":90,"column":8},"end":{"line":90,"column":58}},"24":{"start":{"line":91,"column":8},"end":{"line":91,"column":34}},"25":{"start":{"line":92,"column":8},"end":{"line":92,"column":27}},"26":{"start":{"line":93,"column":8},"end":{"line":93,"column":3783}},"27":{"start":{"line":94,"column":12},"end":{"line":94,"column":3812}},"28":{"start":{"line":95,"column":16},"end":{"line":95,"column":70}},"29":{"start":{"line":96,"column":16},"end":{"line":96,"column":50}},"30":{"start":{"line":97,"column":16},"end":{"line":97,"column":3975}},"31":{"start":{"line":98,"column":20},"end":{"line":98,"column":74}},"32":{"start":{"line":99,"column":20},"end":{"line":99,"column":66}},"33":{"start":{"line":100,"column":20},"end":{"line":100,"column":60}},"34":{"start":{"line":101,"column":20},"end":{"line":101,"column":62}},"35":{"start":{"line":101,"column":39},"end":{"line":101,"column":61}},"36":{"start":{"line":104,"column":15},"end":{"line":104,"column":4309}},"37":{"start":{"line":105,"column":12},"end":{"line":105,"column":20}},"38":{"start":{"line":111,"column":8},"end":{"line":111,"column":63}},"39":{"start":{"line":112,"column":8},"end":{"line":112,"column":63}},"40":{"start":{"line":113,"column":8},"end":{"line":113,"column":63}},"41":{"start":{"line":114,"column":8},"end":{"line":114,"column":46}},"42":{"start":{"line":115,"column":8},"end":{"line":115,"column":46}},"43":{"start":{"line":117,"column":8},"end":{"line":117,"column":51}},"44":{"start":{"line":118,"column":8},"end":{"line":118,"column":39}},"45":{"start":{"line":119,"column":8},"end":{"line":119,"column":5029}},"46":{"start":{"line":120,"column":12},"end":{"line":120,"column":77}},"47":{"start":{"line":121,"column":11},"end":{"line":121,"column":46}},"48":{"start":{"line":123,"column":12},"end":{"line":123,"column":109}},"49":{"start":{"line":125,"column":8},"end":{"line":125,"column":73}},"50":{"start":{"line":126,"column":8},"end":{"line":126,"column":27}},"51":{"start":{"line":128,"column":8},"end":{"line":128,"column":56}},"52":{"start":{"line":129,"column":8},"end":{"line":129,"column":55}},"53":{"start":{"line":129,"column":19},"end":{"line":129,"column":54}},"54":{"start":{"line":130,"column":8},"end":{"line":130,"column":47}},"55":{"start":{"line":135,"column":8},"end":{"line":135,"column":63}},"56":{"start":{"line":136,"column":8},"end":{"line":136,"column":32}},"57":{"start":{"line":137,"column":8},"end":{"line":137,"column":32}},"58":{"start":{"line":138,"column":8},"end":{"line":138,"column":64}},"59":{"start":{"line":139,"column":8},"end":{"line":139,"column":64}},"60":{"start":{"line":140,"column":8},"end":{"line":140,"column":49}},"61":{"start":{"line":142,"column":8},"end":{"line":142,"column":51}},"62":{"start":{"line":143,"column":8},"end":{"line":143,"column":39}},"63":{"start":{"line":144,"column":8},"end":{"line":144,"column":55}},"64":{"start":{"line":145,"column":8},"end":{"line":145,"column":55}},"65":{"start":{"line":146,"column":8},"end":{"line":146,"column":86}},"66":{"start":{"line":147,"column":8},"end":{"line":147,"column":38}},"67":{"start":{"line":148,"column":8},"end":{"line":148,"column":42}},"68":{"start":{"line":149,"column":8},"end":{"line":149,"column":42}},"69":{"start":{"line":150,"column":8},"end":{"line":150,"column":58}},"70":{"start":{"line":151,"column":8},"end":{"line":151,"column":58}},"71":{"start":{"line":153,"column":8},"end":{"line":153,"column":56}},"72":{"start":{"line":154,"column":8},"end":{"line":154,"column":55}},"73":{"start":{"line":154,"column":19},"end":{"line":154,"column":54}},"74":{"start":{"line":155,"column":8},"end":{"line":155,"column":51}},"75":{"start":{"line":160,"column":8},"end":{"line":160,"column":89}},"76":{"start":{"line":161,"column":8},"end":{"line":161,"column":63}},"77":{"start":{"line":162,"column":8},"end":{"line":162,"column":101}},"78":{"start":{"line":164,"column":8},"end":{"line":164,"column":21}},"79":{"start":{"line":165,"column":8},"end":{"line":165,"column":21}},"80":{"start":{"line":167,"column":8},"end":{"line":167,"column":32}},"81":{"start":{"line":168,"column":8},"end":{"line":168,"column":32}},"82":{"start":{"line":169,"column":8},"end":{"line":169,"column":71}},"83":{"start":{"line":170,"column":8},"end":{"line":170,"column":66}},"84":{"start":{"line":170,"column":28},"end":{"line":170,"column":65}},"85":{"start":{"line":171,"column":8},"end":{"line":171,"column":66}},"86":{"start":{"line":171,"column":28},"end":{"line":171,"column":65}},"87":{"start":{"line":172,"column":8},"end":{"line":172,"column":105}},"88":{"start":{"line":172,"column":29},"end":{"line":172,"column":104}},"89":{"start":{"line":173,"column":8},"end":{"line":173,"column":58}},"90":{"start":{"line":174,"column":8},"end":{"line":174,"column":58}},"91":{"start":{"line":176,"column":8},"end":{"line":176,"column":100}},"92":{"start":{"line":177,"column":8},"end":{"line":177,"column":100}},"93":{"start":{"line":178,"column":8},"end":{"line":178,"column":86}},"94":{"start":{"line":180,"column":8},"end":{"line":180,"column":72}},"95":{"start":{"line":181,"column":8},"end":{"line":181,"column":72}},"96":{"start":{"line":182,"column":8},"end":{"line":182,"column":117}},"97":{"start":{"line":185,"column":8},"end":{"line":185,"column":56}},"98":{"start":{"line":186,"column":8},"end":{"line":186,"column":79}},"99":{"start":{"line":191,"column":8},"end":{"line":191,"column":32}},"100":{"start":{"line":192,"column":8},"end":{"line":192,"column":32}},"101":{"start":{"line":193,"column":8},"end":{"line":193,"column":89}},"102":{"start":{"line":194,"column":8},"end":{"line":194,"column":89}},"103":{"start":{"line":199,"column":8},"end":{"line":199,"column":116}}},"branchMap":{"1":{"line":32,"type":"if","locations":[{"start":{"line":32,"column":8},"end":{"line":32,"column":8}},{"start":{"line":32,"column":8},"end":{"line":32,"column":8}}]},"2":{"line":46,"type":"if","locations":[{"start":{"line":46,"column":8},"end":{"line":46,"column":8}},{"start":{"line":46,"column":8},"end":{"line":46,"column":8}}]},"3":{"line":67,"type":"if","locations":[{"start":{"line":67,"column":8},"end":{"line":67,"column":8}},{"start":{"line":67,"column":8},"end":{"line":67,"column":8}}]},"4":{"line":74,"type":"if","locations":[{"start":{"line":74,"column":8},"end":{"line":74,"column":8}},{"start":{"line":74,"column":8},"end":{"line":74,"column":8}}]},"5":{"line":77,"type":"if","locations":[{"start":{"line":77,"column":8},"end":{"line":77,"column":8}},{"start":{"line":77,"column":8},"end":{"line":77,"column":8}}]},"6":{"line":93,"type":"if","locations":[{"start":{"line":93,"column":8},"end":{"line":93,"column":8}},{"start":{"line":93,"column":8},"end":{"line":93,"column":8}}]},"7":{"line":94,"type":"if","locations":[{"start":{"line":94,"column":12},"end":{"line":94,"column":12}},{"start":{"line":94,"column":12},"end":{"line":94,"column":12}}]},"8":{"line":97,"type":"if","locations":[{"start":{"line":97,"column":16},"end":{"line":97,"column":16}},{"start":{"line":97,"column":16},"end":{"line":97,"column":16}}]},"9":{"line":101,"type":"if","locations":[{"start":{"line":101,"column":20},"end":{"line":101,"column":20}},{"start":{"line":101,"column":20},"end":{"line":101,"column":20}}]},"10":{"line":104,"type":"if","locations":[{"start":{"line":104,"column":15},"end":{"line":104,"column":15}},{"start":{"line":104,"column":15},"end":{"line":104,"column":15}}]},"11":{"line":119,"type":"if","locations":[{"start":{"line":119,"column":8},"end":{"line":119,"column":8}},{"start":{"line":119,"column":8},"end":{"line":119,"column":8}}]},"12":{"line":125,"type":"if","locations":[{"start":{"line":125,"column":8},"end":{"line":125,"column":8}},{"start":{"line":125,"column":8},"end":{"line":125,"column":8}}]},"13":{"line":129,"type":"if","locations":[{"start":{"line":129,"column":8},"end":{"line":129,"column":8}},{"start":{"line":129,"column":8},"end":{"line":129,"column":8}}]},"14":{"line":146,"type":"if","locations":[{"start":{"line":146,"column":8},"end":{"line":146,"column":8}},{"start":{"line":146,"column":8},"end":{"line":146,"column":8}}]},"15":{"line":154,"type":"if","locations":[{"start":{"line":154,"column":8},"end":{"line":154,"column":8}},{"start":{"line":154,"column":8},"end":{"line":154,"column":8}}]},"16":{"line":160,"type":"if","locations":[{"start":{"line":160,"column":8},"end":{"line":160,"column":8}},{"start":{"line":160,"column":8},"end":{"line":160,"column":8}}]},"17":{"line":162,"type":"if","locations":[{"start":{"line":162,"column":8},"end":{"line":162,"column":8}},{"start":{"line":162,"column":8},"end":{"line":162,"column":8}}]},"18":{"line":169,"type":"if","locations":[{"start":{"line":169,"column":8},"end":{"line":169,"column":8}},{"start":{"line":169,"column":8},"end":{"line":169,"column":8}}]},"19":{"line":170,"type":"if","locations":[{"start":{"line":170,"column":8},"end":{"line":170,"column":8}},{"start":{"line":170,"column":8},"end":{"line":170,"column":8}}]},"20":{"line":171,"type":"if","locations":[{"start":{"line":171,"column":8},"end":{"line":171,"column":8}},{"start":{"line":171,"column":8},"end":{"line":171,"column":8}}]},"21":{"line":172,"type":"if","locations":[{"start":{"line":172,"column":8},"end":{"line":172,"column":8}},{"start":{"line":172,"column":8},"end":{"line":172,"column":8}}]},"22":{"line":178,"type":"if","locations":[{"start":{"line":178,"column":8},"end":{"line":178,"column":8}},{"start":{"line":178,"column":8},"end":{"line":178,"column":8}}]},"23":{"line":182,"type":"if","locations":[{"start":{"line":182,"column":8},"end":{"line":182,"column":8}},{"start":{"line":182,"column":8},"end":{"line":182,"column":8}}]}}}}